2014-03-11 10:44:54 TRACE AbstractDataImporter:281 - MOCK_IMPORTER is configured to retain old configuration.
2014-03-11 10:44:54 INFO  AbstractDataImporter:101 - Retrieving data for 2 users
2014-03-11 10:44:54 TRACE AbstractDataImporter:253 - Updating basic importer configuration for MOCK_IMPORTER
2014-03-11 10:44:54 TRACE AbstractDataImporter:269 - No specific importer configuration to udpate for MOCK_IMPORTER
2014-03-11 10:44:54 TRACE AbstractDataImporter:253 - Updating basic importer configuration for MOCK_IMPORTER
2014-03-11 10:44:54 TRACE AbstractDataImporter:269 - No specific importer configuration to udpate for MOCK_IMPORTER
2014-03-11 10:44:54 TRACE AbstractDataImporter:253 - Updating basic importer configuration for MOCK_IMPORTER
2014-03-11 10:44:54 TRACE AbstractDataImporter:269 - No specific importer configuration to udpate for MOCK_IMPORTER
2014-03-11 10:44:54 INFO  ImportRegistry:59 - Running scheduled data import for all users using 1 importer(s)
2014-03-11 10:44:54 DEBUG ImportRegistry:75 - Importing using single thread mode.
2014-03-11 10:44:54 INFO  ImportRegistry:59 - Running scheduled data import for all users using 1 importer(s)
2014-03-11 10:44:54 DEBUG ImportRegistry:75 - Importing using single thread mode.
2014-03-11 10:44:54 INFO  ImportRegistry:59 - Running scheduled data import for all users using 2 importer(s)
2014-03-11 10:44:54 DEBUG ImportRegistry:75 - Importing using single thread mode.
2014-03-11 10:55:58 TRACE AbstractDataImporter:281 - MOCK_IMPORTER is configured to retain old configuration.
2014-03-11 10:55:58 INFO  AbstractDataImporter:101 - Retrieving data for 2 users
2014-03-11 10:55:58 TRACE AbstractDataImporter:253 - Updating basic importer configuration for MOCK_IMPORTER
2014-03-11 10:55:58 TRACE AbstractDataImporter:269 - No specific importer configuration to udpate for MOCK_IMPORTER
2014-03-11 10:55:58 TRACE AbstractDataImporter:253 - Updating basic importer configuration for MOCK_IMPORTER
2014-03-11 10:55:58 TRACE AbstractDataImporter:269 - No specific importer configuration to udpate for MOCK_IMPORTER
2014-03-11 10:55:58 TRACE AbstractDataImporter:253 - Updating basic importer configuration for MOCK_IMPORTER
2014-03-11 10:55:58 TRACE AbstractDataImporter:269 - No specific importer configuration to udpate for MOCK_IMPORTER
2014-03-11 10:55:58 INFO  ImportRegistry:59 - Running scheduled data import for all users using 1 importer(s)
2014-03-11 10:55:58 DEBUG ImportRegistry:75 - Importing using single thread mode.
2014-03-11 10:55:58 INFO  ImportRegistry:59 - Running scheduled data import for all users using 1 importer(s)
2014-03-11 10:55:58 DEBUG ImportRegistry:75 - Importing using single thread mode.
2014-03-11 10:55:58 INFO  ImportRegistry:59 - Running scheduled data import for all users using 2 importer(s)
2014-03-11 10:55:58 DEBUG ImportRegistry:75 - Importing using single thread mode.
2014-03-11 11:04:17 TRACE AbstractDataImporter:281 - MOCK_IMPORTER is configured to retain old configuration.
2014-03-11 11:04:17 INFO  AbstractDataImporter:101 - Retrieving data for 2 users
2014-03-11 11:04:17 TRACE AbstractDataImporter:253 - Updating basic importer configuration for MOCK_IMPORTER
2014-03-11 11:04:17 TRACE AbstractDataImporter:269 - No specific importer configuration to udpate for MOCK_IMPORTER
2014-03-11 11:04:17 TRACE AbstractDataImporter:253 - Updating basic importer configuration for MOCK_IMPORTER
2014-03-11 11:04:17 TRACE AbstractDataImporter:269 - No specific importer configuration to udpate for MOCK_IMPORTER
2014-03-11 11:04:17 TRACE AbstractDataImporter:253 - Updating basic importer configuration for MOCK_IMPORTER
2014-03-11 11:04:17 TRACE AbstractDataImporter:269 - No specific importer configuration to udpate for MOCK_IMPORTER
2014-03-11 11:04:17 INFO  ImportRegistry:59 - Running scheduled data import for all users using 1 importer(s)
2014-03-11 11:04:17 DEBUG ImportRegistry:75 - Importing using single thread mode.
2014-03-11 11:04:17 INFO  ImportRegistry:59 - Running scheduled data import for all users using 1 importer(s)
2014-03-11 11:04:17 DEBUG ImportRegistry:75 - Importing using single thread mode.
2014-03-11 11:04:17 INFO  ImportRegistry:59 - Running scheduled data import for all users using 2 importer(s)
2014-03-11 11:04:17 DEBUG ImportRegistry:75 - Importing using single thread mode.
2014-03-11 11:21:03 TRACE AbstractDataImporter:281 - MOCK_IMPORTER is configured to retain old configuration.
2014-03-11 11:21:03 INFO  AbstractDataImporter:101 - Retrieving data for 2 users
2014-03-11 11:21:03 TRACE AbstractDataImporter:253 - Updating basic importer configuration for MOCK_IMPORTER
2014-03-11 11:21:03 TRACE AbstractDataImporter:269 - No specific importer configuration to udpate for MOCK_IMPORTER
2014-03-11 11:21:03 TRACE AbstractDataImporter:253 - Updating basic importer configuration for MOCK_IMPORTER
2014-03-11 11:21:03 TRACE AbstractDataImporter:269 - No specific importer configuration to udpate for MOCK_IMPORTER
2014-03-11 11:21:03 TRACE AbstractDataImporter:253 - Updating basic importer configuration for MOCK_IMPORTER
2014-03-11 11:21:03 TRACE AbstractDataImporter:269 - No specific importer configuration to udpate for MOCK_IMPORTER
2014-03-11 11:21:03 INFO  ImportRegistry:59 - Running scheduled data import for all users using 1 importer(s)
2014-03-11 11:21:03 DEBUG ImportRegistry:75 - Importing using single thread mode.
2014-03-11 11:21:03 INFO  ImportRegistry:59 - Running scheduled data import for all users using 1 importer(s)
2014-03-11 11:21:03 DEBUG ImportRegistry:75 - Importing using single thread mode.
2014-03-11 11:21:03 INFO  ImportRegistry:59 - Running scheduled data import for all users using 2 importer(s)
2014-03-11 11:21:03 DEBUG ImportRegistry:75 - Importing using single thread mode.
2014-03-11 11:22:14 TRACE AbstractDataImporter:281 - MOCK_IMPORTER is configured to retain old configuration.
2014-03-11 11:22:14 INFO  AbstractDataImporter:101 - Retrieving data for 2 users
2014-03-11 11:22:14 TRACE AbstractDataImporter:253 - Updating basic importer configuration for MOCK_IMPORTER
2014-03-11 11:22:14 TRACE AbstractDataImporter:269 - No specific importer configuration to udpate for MOCK_IMPORTER
2014-03-11 11:22:14 TRACE AbstractDataImporter:253 - Updating basic importer configuration for MOCK_IMPORTER
2014-03-11 11:22:14 TRACE AbstractDataImporter:269 - No specific importer configuration to udpate for MOCK_IMPORTER
2014-03-11 11:22:14 TRACE AbstractDataImporter:253 - Updating basic importer configuration for MOCK_IMPORTER
2014-03-11 11:22:14 TRACE AbstractDataImporter:269 - No specific importer configuration to udpate for MOCK_IMPORTER
2014-03-11 11:22:14 INFO  ImportRegistry:59 - Running scheduled data import for all users using 1 importer(s)
2014-03-11 11:22:14 DEBUG ImportRegistry:75 - Importing using single thread mode.
2014-03-11 11:22:14 INFO  ImportRegistry:59 - Running scheduled data import for all users using 1 importer(s)
2014-03-11 11:22:14 DEBUG ImportRegistry:75 - Importing using single thread mode.
2014-03-11 11:22:14 INFO  ImportRegistry:59 - Running scheduled data import for all users using 2 importer(s)
2014-03-11 11:22:14 DEBUG ImportRegistry:75 - Importing using single thread mode.
2014-03-11 11:23:25 TRACE AbstractDataImporter:281 - MOCK_IMPORTER is configured to retain old configuration.
2014-03-11 11:23:25 INFO  AbstractDataImporter:101 - Retrieving data for 2 users
2014-03-11 11:23:25 TRACE AbstractDataImporter:253 - Updating basic importer configuration for MOCK_IMPORTER
2014-03-11 11:23:25 TRACE AbstractDataImporter:269 - No specific importer configuration to udpate for MOCK_IMPORTER
2014-03-11 11:23:25 TRACE AbstractDataImporter:253 - Updating basic importer configuration for MOCK_IMPORTER
2014-03-11 11:23:25 TRACE AbstractDataImporter:269 - No specific importer configuration to udpate for MOCK_IMPORTER
2014-03-11 11:23:25 TRACE AbstractDataImporter:253 - Updating basic importer configuration for MOCK_IMPORTER
2014-03-11 11:23:25 TRACE AbstractDataImporter:269 - No specific importer configuration to udpate for MOCK_IMPORTER
2014-03-11 11:23:25 INFO  ImportRegistry:59 - Running scheduled data import for all users using 1 importer(s)
2014-03-11 11:23:25 DEBUG ImportRegistry:75 - Importing using single thread mode.
2014-03-11 11:23:25 INFO  ImportRegistry:59 - Running scheduled data import for all users using 1 importer(s)
2014-03-11 11:23:25 DEBUG ImportRegistry:75 - Importing using single thread mode.
2014-03-11 11:23:25 INFO  ImportRegistry:59 - Running scheduled data import for all users using 2 importer(s)
2014-03-11 11:23:25 DEBUG ImportRegistry:75 - Importing using single thread mode.
2014-03-11 11:35:10 TRACE AbstractDataImporter:281 - MOCK_IMPORTER is configured to retain old configuration.
2014-03-11 11:35:10 INFO  AbstractDataImporter:101 - Retrieving data for 2 users
2014-03-11 11:35:10 TRACE AbstractDataImporter:253 - Updating basic importer configuration for MOCK_IMPORTER
2014-03-11 11:35:10 TRACE AbstractDataImporter:269 - No specific importer configuration to udpate for MOCK_IMPORTER
2014-03-11 11:35:10 TRACE AbstractDataImporter:253 - Updating basic importer configuration for MOCK_IMPORTER
2014-03-11 11:35:10 TRACE AbstractDataImporter:269 - No specific importer configuration to udpate for MOCK_IMPORTER
2014-03-11 11:35:10 TRACE AbstractDataImporter:253 - Updating basic importer configuration for MOCK_IMPORTER
2014-03-11 11:35:10 TRACE AbstractDataImporter:269 - No specific importer configuration to udpate for MOCK_IMPORTER
2014-03-11 11:35:10 INFO  ImportRegistry:59 - Running scheduled data import for all users using 1 importer(s)
2014-03-11 11:35:10 DEBUG ImportRegistry:75 - Importing using single thread mode.
2014-03-11 11:35:10 INFO  ImportRegistry:59 - Running scheduled data import for all users using 1 importer(s)
2014-03-11 11:35:10 DEBUG ImportRegistry:75 - Importing using single thread mode.
2014-03-11 11:35:10 INFO  ImportRegistry:59 - Running scheduled data import for all users using 2 importer(s)
2014-03-11 11:35:10 DEBUG ImportRegistry:75 - Importing using single thread mode.
2014-03-11 11:35:31 TRACE AbstractDataImporter:281 - MOCK_IMPORTER is configured to retain old configuration.
2014-03-11 11:35:31 INFO  AbstractDataImporter:101 - Retrieving data for 2 users
2014-03-11 11:35:31 TRACE AbstractDataImporter:253 - Updating basic importer configuration for MOCK_IMPORTER
2014-03-11 11:35:31 TRACE AbstractDataImporter:269 - No specific importer configuration to udpate for MOCK_IMPORTER
2014-03-11 11:35:31 TRACE AbstractDataImporter:253 - Updating basic importer configuration for MOCK_IMPORTER
2014-03-11 11:35:31 TRACE AbstractDataImporter:269 - No specific importer configuration to udpate for MOCK_IMPORTER
2014-03-11 11:35:31 TRACE AbstractDataImporter:253 - Updating basic importer configuration for MOCK_IMPORTER
2014-03-11 11:35:31 TRACE AbstractDataImporter:269 - No specific importer configuration to udpate for MOCK_IMPORTER
2014-03-11 11:35:31 INFO  ImportRegistry:59 - Running scheduled data import for all users using 1 importer(s)
2014-03-11 11:35:31 DEBUG ImportRegistry:75 - Importing using single thread mode.
2014-03-11 11:35:31 INFO  ImportRegistry:59 - Running scheduled data import for all users using 1 importer(s)
2014-03-11 11:35:31 DEBUG ImportRegistry:75 - Importing using single thread mode.
2014-03-11 11:35:31 INFO  ImportRegistry:59 - Running scheduled data import for all users using 2 importer(s)
2014-03-11 11:35:31 DEBUG ImportRegistry:75 - Importing using single thread mode.
2014-03-11 11:37:04 TRACE AbstractDataImporter:281 - MOCK_IMPORTER is configured to retain old configuration.
2014-03-11 11:37:04 INFO  AbstractDataImporter:101 - Retrieving data for 2 users
2014-03-11 11:37:04 TRACE AbstractDataImporter:253 - Updating basic importer configuration for MOCK_IMPORTER
2014-03-11 11:37:04 TRACE AbstractDataImporter:269 - No specific importer configuration to udpate for MOCK_IMPORTER
2014-03-11 11:37:04 TRACE AbstractDataImporter:253 - Updating basic importer configuration for MOCK_IMPORTER
2014-03-11 11:37:04 TRACE AbstractDataImporter:269 - No specific importer configuration to udpate for MOCK_IMPORTER
2014-03-11 11:37:04 TRACE AbstractDataImporter:253 - Updating basic importer configuration for MOCK_IMPORTER
2014-03-11 11:37:04 TRACE AbstractDataImporter:269 - No specific importer configuration to udpate for MOCK_IMPORTER
2014-03-11 11:37:04 INFO  ImportRegistry:59 - Running scheduled data import for all users using 1 importer(s)
2014-03-11 11:37:04 DEBUG ImportRegistry:75 - Importing using single thread mode.
2014-03-11 11:37:04 INFO  ImportRegistry:59 - Running scheduled data import for all users using 1 importer(s)
2014-03-11 11:37:04 DEBUG ImportRegistry:75 - Importing using single thread mode.
2014-03-11 11:37:04 INFO  ImportRegistry:59 - Running scheduled data import for all users using 2 importer(s)
2014-03-11 11:37:04 DEBUG ImportRegistry:75 - Importing using single thread mode.
2014-03-11 12:09:58 TRACE AbstractDataImporter:281 - MOCK_IMPORTER is configured to retain old configuration.
2014-03-11 12:09:58 INFO  AbstractDataImporter:101 - Retrieving data for 2 users
2014-03-11 12:09:58 TRACE AbstractDataImporter:253 - Updating basic importer configuration for MOCK_IMPORTER
2014-03-11 12:09:58 TRACE AbstractDataImporter:269 - No specific importer configuration to udpate for MOCK_IMPORTER
2014-03-11 12:09:58 TRACE AbstractDataImporter:253 - Updating basic importer configuration for MOCK_IMPORTER
2014-03-11 12:09:58 TRACE AbstractDataImporter:269 - No specific importer configuration to udpate for MOCK_IMPORTER
2014-03-11 12:09:58 TRACE AbstractDataImporter:253 - Updating basic importer configuration for MOCK_IMPORTER
2014-03-11 12:09:58 TRACE AbstractDataImporter:269 - No specific importer configuration to udpate for MOCK_IMPORTER
2014-03-11 12:09:58 INFO  ImportRegistry:59 - Running scheduled data import for all users using 1 importer(s)
2014-03-11 12:09:58 DEBUG ImportRegistry:75 - Importing using single thread mode.
2014-03-11 12:09:58 INFO  ImportRegistry:59 - Running scheduled data import for all users using 1 importer(s)
2014-03-11 12:09:58 DEBUG ImportRegistry:75 - Importing using single thread mode.
2014-03-11 12:09:58 INFO  ImportRegistry:59 - Running scheduled data import for all users using 2 importer(s)
2014-03-11 12:09:58 DEBUG ImportRegistry:75 - Importing using single thread mode.
2014-03-11 12:13:03 TRACE AbstractDataImporter:281 - MOCK_IMPORTER is configured to retain old configuration.
2014-03-11 12:13:03 INFO  AbstractDataImporter:101 - Retrieving data for 2 users
2014-03-11 12:13:03 TRACE AbstractDataImporter:253 - Updating basic importer configuration for MOCK_IMPORTER
2014-03-11 12:13:03 TRACE AbstractDataImporter:269 - No specific importer configuration to udpate for MOCK_IMPORTER
2014-03-11 12:13:03 TRACE AbstractDataImporter:253 - Updating basic importer configuration for MOCK_IMPORTER
2014-03-11 12:13:03 TRACE AbstractDataImporter:269 - No specific importer configuration to udpate for MOCK_IMPORTER
2014-03-11 12:13:03 TRACE AbstractDataImporter:253 - Updating basic importer configuration for MOCK_IMPORTER
2014-03-11 12:13:03 TRACE AbstractDataImporter:269 - No specific importer configuration to udpate for MOCK_IMPORTER
2014-03-11 12:13:03 INFO  ImportRegistry:59 - Running scheduled data import for all users using 1 importer(s)
2014-03-11 12:13:03 DEBUG ImportRegistry:75 - Importing using single thread mode.
2014-03-11 12:13:03 INFO  ImportRegistry:59 - Running scheduled data import for all users using 1 importer(s)
2014-03-11 12:13:03 DEBUG ImportRegistry:75 - Importing using single thread mode.
2014-03-11 12:13:03 INFO  ImportRegistry:59 - Running scheduled data import for all users using 2 importer(s)
2014-03-11 12:13:03 DEBUG ImportRegistry:75 - Importing using single thread mode.
2014-03-11 12:15:47 TRACE AbstractDataImporter:281 - MOCK_IMPORTER is configured to retain old configuration.
2014-03-11 12:15:47 INFO  AbstractDataImporter:101 - Retrieving data for 2 users
2014-03-11 12:15:47 TRACE AbstractDataImporter:253 - Updating basic importer configuration for MOCK_IMPORTER
2014-03-11 12:15:47 TRACE AbstractDataImporter:269 - No specific importer configuration to udpate for MOCK_IMPORTER
2014-03-11 12:15:47 TRACE AbstractDataImporter:253 - Updating basic importer configuration for MOCK_IMPORTER
2014-03-11 12:15:47 TRACE AbstractDataImporter:269 - No specific importer configuration to udpate for MOCK_IMPORTER
2014-03-11 12:15:47 TRACE AbstractDataImporter:253 - Updating basic importer configuration for MOCK_IMPORTER
2014-03-11 12:15:47 TRACE AbstractDataImporter:269 - No specific importer configuration to udpate for MOCK_IMPORTER
2014-03-11 12:15:47 INFO  ImportRegistry:59 - Running scheduled data import for all users using 1 importer(s)
2014-03-11 12:15:47 DEBUG ImportRegistry:75 - Importing using single thread mode.
2014-03-11 12:15:47 INFO  ImportRegistry:59 - Running scheduled data import for all users using 1 importer(s)
2014-03-11 12:15:47 DEBUG ImportRegistry:75 - Importing using single thread mode.
2014-03-11 12:15:47 INFO  ImportRegistry:59 - Running scheduled data import for all users using 2 importer(s)
2014-03-11 12:15:47 DEBUG ImportRegistry:75 - Importing using single thread mode.
2014-03-11 12:20:27 TRACE AbstractDataImporter:281 - MOCK_IMPORTER is configured to retain old configuration.
2014-03-11 12:20:27 INFO  AbstractDataImporter:101 - Retrieving data for 2 users
2014-03-11 12:20:27 TRACE AbstractDataImporter:253 - Updating basic importer configuration for MOCK_IMPORTER
2014-03-11 12:20:27 TRACE AbstractDataImporter:269 - No specific importer configuration to udpate for MOCK_IMPORTER
2014-03-11 12:20:27 TRACE AbstractDataImporter:253 - Updating basic importer configuration for MOCK_IMPORTER
2014-03-11 12:20:27 TRACE AbstractDataImporter:269 - No specific importer configuration to udpate for MOCK_IMPORTER
2014-03-11 12:20:27 TRACE AbstractDataImporter:253 - Updating basic importer configuration for MOCK_IMPORTER
2014-03-11 12:20:27 TRACE AbstractDataImporter:269 - No specific importer configuration to udpate for MOCK_IMPORTER
2014-03-11 12:20:27 INFO  ImportRegistry:59 - Running scheduled data import for all users using 1 importer(s)
2014-03-11 12:20:27 DEBUG ImportRegistry:75 - Importing using single thread mode.
2014-03-11 12:20:27 INFO  ImportRegistry:59 - Running scheduled data import for all users using 1 importer(s)
2014-03-11 12:20:27 DEBUG ImportRegistry:75 - Importing using single thread mode.
2014-03-11 12:20:27 INFO  ImportRegistry:59 - Running scheduled data import for all users using 2 importer(s)
2014-03-11 12:20:27 DEBUG ImportRegistry:75 - Importing using single thread mode.
2014-03-11 12:21:58 TRACE AbstractDataImporter:281 - MOCK_IMPORTER is configured to retain old configuration.
2014-03-11 12:21:58 INFO  AbstractDataImporter:101 - Retrieving data for 2 users
2014-03-11 12:21:58 TRACE AbstractDataImporter:253 - Updating basic importer configuration for MOCK_IMPORTER
2014-03-11 12:21:58 TRACE AbstractDataImporter:269 - No specific importer configuration to udpate for MOCK_IMPORTER
2014-03-11 12:21:58 TRACE AbstractDataImporter:253 - Updating basic importer configuration for MOCK_IMPORTER
2014-03-11 12:21:58 TRACE AbstractDataImporter:269 - No specific importer configuration to udpate for MOCK_IMPORTER
2014-03-11 12:21:58 TRACE AbstractDataImporter:253 - Updating basic importer configuration for MOCK_IMPORTER
2014-03-11 12:21:58 TRACE AbstractDataImporter:269 - No specific importer configuration to udpate for MOCK_IMPORTER
2014-03-11 12:21:58 INFO  ImportRegistry:59 - Running scheduled data import for all users using 1 importer(s)
2014-03-11 12:21:58 DEBUG ImportRegistry:75 - Importing using single thread mode.
2014-03-11 12:21:58 INFO  ImportRegistry:59 - Running scheduled data import for all users using 1 importer(s)
2014-03-11 12:21:58 DEBUG ImportRegistry:75 - Importing using single thread mode.
2014-03-11 12:21:58 INFO  ImportRegistry:59 - Running scheduled data import for all users using 2 importer(s)
2014-03-11 12:21:58 DEBUG ImportRegistry:75 - Importing using single thread mode.
2014-03-11 12:22:27 TRACE AbstractDataImporter:281 - MOCK_IMPORTER is configured to retain old configuration.
2014-03-11 12:22:27 INFO  AbstractDataImporter:101 - Retrieving data for 2 users
2014-03-11 12:22:27 TRACE AbstractDataImporter:253 - Updating basic importer configuration for MOCK_IMPORTER
2014-03-11 12:22:27 TRACE AbstractDataImporter:269 - No specific importer configuration to udpate for MOCK_IMPORTER
2014-03-11 12:22:27 TRACE AbstractDataImporter:253 - Updating basic importer configuration for MOCK_IMPORTER
2014-03-11 12:22:27 TRACE AbstractDataImporter:269 - No specific importer configuration to udpate for MOCK_IMPORTER
2014-03-11 12:22:27 TRACE AbstractDataImporter:253 - Updating basic importer configuration for MOCK_IMPORTER
2014-03-11 12:22:27 TRACE AbstractDataImporter:269 - No specific importer configuration to udpate for MOCK_IMPORTER
2014-03-11 12:22:27 INFO  ImportRegistry:59 - Running scheduled data import for all users using 1 importer(s)
2014-03-11 12:22:27 DEBUG ImportRegistry:75 - Importing using single thread mode.
2014-03-11 12:22:27 INFO  ImportRegistry:59 - Running scheduled data import for all users using 1 importer(s)
2014-03-11 12:22:27 DEBUG ImportRegistry:75 - Importing using single thread mode.
2014-03-11 12:22:27 INFO  ImportRegistry:59 - Running scheduled data import for all users using 2 importer(s)
2014-03-11 12:22:27 DEBUG ImportRegistry:75 - Importing using single thread mode.
2014-03-11 12:23:07 TRACE AbstractDataImporter:281 - MOCK_IMPORTER is configured to retain old configuration.
2014-03-11 12:23:07 INFO  AbstractDataImporter:101 - Retrieving data for 2 users
2014-03-11 12:23:07 TRACE AbstractDataImporter:253 - Updating basic importer configuration for MOCK_IMPORTER
2014-03-11 12:23:07 TRACE AbstractDataImporter:269 - No specific importer configuration to udpate for MOCK_IMPORTER
2014-03-11 12:23:07 TRACE AbstractDataImporter:253 - Updating basic importer configuration for MOCK_IMPORTER
2014-03-11 12:23:07 TRACE AbstractDataImporter:269 - No specific importer configuration to udpate for MOCK_IMPORTER
2014-03-11 12:23:07 TRACE AbstractDataImporter:253 - Updating basic importer configuration for MOCK_IMPORTER
2014-03-11 12:23:07 TRACE AbstractDataImporter:269 - No specific importer configuration to udpate for MOCK_IMPORTER
2014-03-11 12:23:07 INFO  ImportRegistry:59 - Running scheduled data import for all users using 1 importer(s)
2014-03-11 12:23:07 DEBUG ImportRegistry:75 - Importing using single thread mode.
2014-03-11 12:23:07 INFO  ImportRegistry:59 - Running scheduled data import for all users using 1 importer(s)
2014-03-11 12:23:07 DEBUG ImportRegistry:75 - Importing using single thread mode.
2014-03-11 12:23:07 INFO  ImportRegistry:59 - Running scheduled data import for all users using 2 importer(s)
2014-03-11 12:23:07 DEBUG ImportRegistry:75 - Importing using single thread mode.
2014-03-11 12:23:46 TRACE AbstractDataImporter:281 - MOCK_IMPORTER is configured to retain old configuration.
2014-03-11 12:23:46 INFO  AbstractDataImporter:101 - Retrieving data for 2 users
2014-03-11 12:23:46 TRACE AbstractDataImporter:253 - Updating basic importer configuration for MOCK_IMPORTER
2014-03-11 12:23:46 TRACE AbstractDataImporter:269 - No specific importer configuration to udpate for MOCK_IMPORTER
2014-03-11 12:23:46 TRACE AbstractDataImporter:253 - Updating basic importer configuration for MOCK_IMPORTER
2014-03-11 12:23:46 TRACE AbstractDataImporter:269 - No specific importer configuration to udpate for MOCK_IMPORTER
2014-03-11 12:23:46 TRACE AbstractDataImporter:253 - Updating basic importer configuration for MOCK_IMPORTER
2014-03-11 12:23:46 TRACE AbstractDataImporter:269 - No specific importer configuration to udpate for MOCK_IMPORTER
2014-03-11 12:23:46 INFO  ImportRegistry:59 - Running scheduled data import for all users using 1 importer(s)
2014-03-11 12:23:46 DEBUG ImportRegistry:75 - Importing using single thread mode.
2014-03-11 12:23:46 INFO  ImportRegistry:59 - Running scheduled data import for all users using 1 importer(s)
2014-03-11 12:23:46 DEBUG ImportRegistry:75 - Importing using single thread mode.
2014-03-11 12:23:46 INFO  ImportRegistry:59 - Running scheduled data import for all users using 2 importer(s)
2014-03-11 12:23:46 DEBUG ImportRegistry:75 - Importing using single thread mode.
2014-03-11 12:25:16 TRACE AbstractDataImporter:281 - MOCK_IMPORTER is configured to retain old configuration.
2014-03-11 12:25:16 INFO  AbstractDataImporter:101 - Retrieving data for 2 users
2014-03-11 12:25:16 TRACE AbstractDataImporter:253 - Updating basic importer configuration for MOCK_IMPORTER
2014-03-11 12:25:16 TRACE AbstractDataImporter:269 - No specific importer configuration to udpate for MOCK_IMPORTER
2014-03-11 12:25:16 TRACE AbstractDataImporter:253 - Updating basic importer configuration for MOCK_IMPORTER
2014-03-11 12:25:16 TRACE AbstractDataImporter:269 - No specific importer configuration to udpate for MOCK_IMPORTER
2014-03-11 12:25:16 TRACE AbstractDataImporter:253 - Updating basic importer configuration for MOCK_IMPORTER
2014-03-11 12:25:16 TRACE AbstractDataImporter:269 - No specific importer configuration to udpate for MOCK_IMPORTER
2014-03-11 12:25:16 INFO  ImportRegistry:59 - Running scheduled data import for all users using 1 importer(s)
2014-03-11 12:25:16 DEBUG ImportRegistry:75 - Importing using single thread mode.
2014-03-11 12:25:16 INFO  ImportRegistry:59 - Running scheduled data import for all users using 1 importer(s)
2014-03-11 12:25:16 DEBUG ImportRegistry:75 - Importing using single thread mode.
2014-03-11 12:25:16 INFO  ImportRegistry:59 - Running scheduled data import for all users using 2 importer(s)
2014-03-11 12:25:16 DEBUG ImportRegistry:75 - Importing using single thread mode.
2014-03-11 12:25:43 TRACE AbstractDataImporter:281 - MOCK_IMPORTER is configured to retain old configuration.
2014-03-11 12:25:43 INFO  AbstractDataImporter:101 - Retrieving data for 2 users
2014-03-11 12:25:43 TRACE AbstractDataImporter:253 - Updating basic importer configuration for MOCK_IMPORTER
2014-03-11 12:25:43 TRACE AbstractDataImporter:269 - No specific importer configuration to udpate for MOCK_IMPORTER
2014-03-11 12:25:43 TRACE AbstractDataImporter:253 - Updating basic importer configuration for MOCK_IMPORTER
2014-03-11 12:25:43 TRACE AbstractDataImporter:269 - No specific importer configuration to udpate for MOCK_IMPORTER
2014-03-11 12:25:43 TRACE AbstractDataImporter:253 - Updating basic importer configuration for MOCK_IMPORTER
2014-03-11 12:25:43 TRACE AbstractDataImporter:269 - No specific importer configuration to udpate for MOCK_IMPORTER
2014-03-11 12:25:43 INFO  ImportRegistry:59 - Running scheduled data import for all users using 1 importer(s)
2014-03-11 12:25:43 DEBUG ImportRegistry:75 - Importing using single thread mode.
2014-03-11 12:25:43 INFO  ImportRegistry:59 - Running scheduled data import for all users using 1 importer(s)
2014-03-11 12:25:43 DEBUG ImportRegistry:75 - Importing using single thread mode.
2014-03-11 12:25:43 INFO  ImportRegistry:59 - Running scheduled data import for all users using 2 importer(s)
2014-03-11 12:25:43 DEBUG ImportRegistry:75 - Importing using single thread mode.
2014-03-11 12:26:24 TRACE AbstractDataImporter:281 - MOCK_IMPORTER is configured to retain old configuration.
2014-03-11 12:26:24 INFO  AbstractDataImporter:101 - Retrieving data for 2 users
2014-03-11 12:26:24 TRACE AbstractDataImporter:253 - Updating basic importer configuration for MOCK_IMPORTER
2014-03-11 12:26:24 TRACE AbstractDataImporter:269 - No specific importer configuration to udpate for MOCK_IMPORTER
2014-03-11 12:26:24 TRACE AbstractDataImporter:253 - Updating basic importer configuration for MOCK_IMPORTER
2014-03-11 12:26:24 TRACE AbstractDataImporter:269 - No specific importer configuration to udpate for MOCK_IMPORTER
2014-03-11 12:26:24 TRACE AbstractDataImporter:253 - Updating basic importer configuration for MOCK_IMPORTER
2014-03-11 12:26:24 TRACE AbstractDataImporter:269 - No specific importer configuration to udpate for MOCK_IMPORTER
2014-03-11 12:26:24 INFO  ImportRegistry:59 - Running scheduled data import for all users using 1 importer(s)
2014-03-11 12:26:24 DEBUG ImportRegistry:75 - Importing using single thread mode.
2014-03-11 12:26:24 INFO  ImportRegistry:59 - Running scheduled data import for all users using 1 importer(s)
2014-03-11 12:26:24 DEBUG ImportRegistry:75 - Importing using single thread mode.
2014-03-11 12:26:24 INFO  ImportRegistry:59 - Running scheduled data import for all users using 2 importer(s)
2014-03-11 12:26:24 DEBUG ImportRegistry:75 - Importing using single thread mode.
2014-03-11 12:27:31 TRACE AbstractDataImporter:281 - MOCK_IMPORTER is configured to retain old configuration.
2014-03-11 12:27:31 INFO  AbstractDataImporter:101 - Retrieving data for 2 users
2014-03-11 12:27:31 TRACE AbstractDataImporter:253 - Updating basic importer configuration for MOCK_IMPORTER
2014-03-11 12:27:31 TRACE AbstractDataImporter:269 - No specific importer configuration to udpate for MOCK_IMPORTER
2014-03-11 12:27:31 TRACE AbstractDataImporter:253 - Updating basic importer configuration for MOCK_IMPORTER
2014-03-11 12:27:31 TRACE AbstractDataImporter:269 - No specific importer configuration to udpate for MOCK_IMPORTER
2014-03-11 12:27:31 TRACE AbstractDataImporter:253 - Updating basic importer configuration for MOCK_IMPORTER
2014-03-11 12:27:31 TRACE AbstractDataImporter:269 - No specific importer configuration to udpate for MOCK_IMPORTER
2014-03-11 12:27:31 INFO  ImportRegistry:59 - Running scheduled data import for all users using 2 importer(s)
2014-03-11 12:27:31 DEBUG ImportRegistry:75 - Importing using single thread mode.
2014-03-11 12:27:31 INFO  ImportRegistry:59 - Running scheduled data import for all users using 1 importer(s)
2014-03-11 12:27:31 DEBUG ImportRegistry:75 - Importing using single thread mode.
2014-03-11 12:27:31 INFO  ImportRegistry:59 - Running scheduled data import for all users using 1 importer(s)
2014-03-11 12:27:31 DEBUG ImportRegistry:75 - Importing using single thread mode.
2014-03-11 12:44:26 TRACE AbstractDataImporter:281 - MOCK_IMPORTER is configured to retain old configuration.
2014-03-11 12:44:26 INFO  AbstractDataImporter:101 - Retrieving data for 2 users
2014-03-11 12:44:26 TRACE AbstractDataImporter:253 - Updating basic importer configuration for MOCK_IMPORTER
2014-03-11 12:44:26 TRACE AbstractDataImporter:269 - No specific importer configuration to udpate for MOCK_IMPORTER
2014-03-11 12:44:26 TRACE AbstractDataImporter:253 - Updating basic importer configuration for MOCK_IMPORTER
2014-03-11 12:44:26 TRACE AbstractDataImporter:269 - No specific importer configuration to udpate for MOCK_IMPORTER
2014-03-11 12:44:26 TRACE AbstractDataImporter:253 - Updating basic importer configuration for MOCK_IMPORTER
2014-03-11 12:44:26 TRACE AbstractDataImporter:269 - No specific importer configuration to udpate for MOCK_IMPORTER
2014-03-11 12:44:26 INFO  ImportRegistry:59 - Running scheduled data import for all users using 1 importer(s)
2014-03-11 12:44:26 DEBUG ImportRegistry:75 - Importing using single thread mode.
2014-03-11 12:44:26 INFO  ImportRegistry:59 - Running scheduled data import for all users using 1 importer(s)
2014-03-11 12:44:26 DEBUG ImportRegistry:75 - Importing using single thread mode.
2014-03-11 12:44:26 INFO  ImportRegistry:59 - Running scheduled data import for all users using 2 importer(s)
2014-03-11 12:44:26 DEBUG ImportRegistry:75 - Importing using single thread mode.
2014-03-11 12:46:14 TRACE AbstractDataImporter:281 - MOCK_IMPORTER is configured to retain old configuration.
2014-03-11 12:46:14 INFO  AbstractDataImporter:101 - Retrieving data for 2 users
2014-03-11 12:46:14 TRACE AbstractDataImporter:253 - Updating basic importer configuration for MOCK_IMPORTER
2014-03-11 12:46:14 TRACE AbstractDataImporter:269 - No specific importer configuration to udpate for MOCK_IMPORTER
2014-03-11 12:46:14 TRACE AbstractDataImporter:253 - Updating basic importer configuration for MOCK_IMPORTER
2014-03-11 12:46:14 TRACE AbstractDataImporter:269 - No specific importer configuration to udpate for MOCK_IMPORTER
2014-03-11 12:46:14 TRACE AbstractDataImporter:253 - Updating basic importer configuration for MOCK_IMPORTER
2014-03-11 12:46:14 TRACE AbstractDataImporter:269 - No specific importer configuration to udpate for MOCK_IMPORTER
2014-03-11 12:46:14 INFO  ImportRegistry:59 - Running scheduled data import for all users using 1 importer(s)
2014-03-11 12:46:14 DEBUG ImportRegistry:75 - Importing using single thread mode.
2014-03-11 12:46:14 INFO  ImportRegistry:59 - Running scheduled data import for all users using 1 importer(s)
2014-03-11 12:46:14 DEBUG ImportRegistry:75 - Importing using single thread mode.
2014-03-11 12:46:14 INFO  ImportRegistry:59 - Running scheduled data import for all users using 2 importer(s)
2014-03-11 12:46:14 DEBUG ImportRegistry:75 - Importing using single thread mode.
2014-03-11 16:07:37 TRACE AbstractDataImporter:281 - MOCK_IMPORTER is configured to retain old configuration.
2014-03-11 16:07:37 INFO  AbstractDataImporter:101 - Retrieving data for 2 users
2014-03-11 16:07:37 TRACE AbstractDataImporter:253 - Updating basic importer configuration for MOCK_IMPORTER
2014-03-11 16:07:37 TRACE AbstractDataImporter:269 - No specific importer configuration to udpate for MOCK_IMPORTER
2014-03-11 16:07:37 TRACE AbstractDataImporter:253 - Updating basic importer configuration for MOCK_IMPORTER
2014-03-11 16:07:37 TRACE AbstractDataImporter:269 - No specific importer configuration to udpate for MOCK_IMPORTER
2014-03-11 16:07:37 TRACE AbstractDataImporter:253 - Updating basic importer configuration for MOCK_IMPORTER
2014-03-11 16:07:37 TRACE AbstractDataImporter:269 - No specific importer configuration to udpate for MOCK_IMPORTER
2014-03-11 16:07:37 INFO  ImportRegistry:59 - Running scheduled data import for all users using 1 importer(s)
2014-03-11 16:07:37 DEBUG ImportRegistry:75 - Importing using single thread mode.
2014-03-11 16:07:37 INFO  ImportRegistry:59 - Running scheduled data import for all users using 1 importer(s)
2014-03-11 16:07:37 DEBUG ImportRegistry:75 - Importing using single thread mode.
2014-03-11 16:07:37 INFO  ImportRegistry:59 - Running scheduled data import for all users using 2 importer(s)
2014-03-11 16:07:37 DEBUG ImportRegistry:75 - Importing using single thread mode.
2014-03-11 16:07:48 TRACE AbstractDataImporter:281 - MOCK_IMPORTER is configured to retain old configuration.
2014-03-11 16:07:48 INFO  AbstractDataImporter:101 - Retrieving data for 2 users
2014-03-11 16:07:48 TRACE AbstractDataImporter:253 - Updating basic importer configuration for MOCK_IMPORTER
2014-03-11 16:07:48 TRACE AbstractDataImporter:269 - No specific importer configuration to udpate for MOCK_IMPORTER
2014-03-11 16:07:48 TRACE AbstractDataImporter:253 - Updating basic importer configuration for MOCK_IMPORTER
2014-03-11 16:07:48 TRACE AbstractDataImporter:269 - No specific importer configuration to udpate for MOCK_IMPORTER
2014-03-11 16:07:48 TRACE AbstractDataImporter:253 - Updating basic importer configuration for MOCK_IMPORTER
2014-03-11 16:07:48 TRACE AbstractDataImporter:269 - No specific importer configuration to udpate for MOCK_IMPORTER
2014-03-11 16:07:48 INFO  ImportRegistry:59 - Running scheduled data import for all users using 1 importer(s)
2014-03-11 16:07:48 DEBUG ImportRegistry:75 - Importing using single thread mode.
2014-03-11 16:07:48 INFO  ImportRegistry:59 - Running scheduled data import for all users using 1 importer(s)
2014-03-11 16:07:48 DEBUG ImportRegistry:75 - Importing using single thread mode.
2014-03-11 16:07:48 INFO  ImportRegistry:59 - Running scheduled data import for all users using 2 importer(s)
2014-03-11 16:07:48 DEBUG ImportRegistry:75 - Importing using single thread mode.
2014-03-12 09:44:05 TRACE AbstractDataImporter:281 - MOCK_IMPORTER is configured to retain old configuration.
2014-03-12 09:44:05 INFO  AbstractDataImporter:101 - Retrieving data for 2 users
2014-03-12 09:44:05 TRACE AbstractDataImporter:253 - Updating basic importer configuration for MOCK_IMPORTER
2014-03-12 09:44:05 TRACE AbstractDataImporter:269 - No specific importer configuration to udpate for MOCK_IMPORTER
2014-03-12 09:44:05 TRACE AbstractDataImporter:253 - Updating basic importer configuration for MOCK_IMPORTER
2014-03-12 09:44:05 TRACE AbstractDataImporter:269 - No specific importer configuration to udpate for MOCK_IMPORTER
2014-03-12 09:44:05 TRACE AbstractDataImporter:253 - Updating basic importer configuration for MOCK_IMPORTER
2014-03-12 09:44:05 TRACE AbstractDataImporter:269 - No specific importer configuration to udpate for MOCK_IMPORTER
2014-03-12 09:44:05 INFO  ImportRegistry:59 - Running scheduled data import for all users using 1 importer(s)
2014-03-12 09:44:05 DEBUG ImportRegistry:75 - Importing using single thread mode.
2014-03-12 09:44:05 INFO  ImportRegistry:59 - Running scheduled data import for all users using 1 importer(s)
2014-03-12 09:44:05 DEBUG ImportRegistry:75 - Importing using single thread mode.
2014-03-12 09:44:05 INFO  ImportRegistry:59 - Running scheduled data import for all users using 2 importer(s)
2014-03-12 09:44:05 DEBUG ImportRegistry:75 - Importing using single thread mode.
2014-03-12 10:37:30 TRACE AbstractDataImporter:281 - MOCK_IMPORTER is configured to retain old configuration.
2014-03-12 10:37:30 INFO  AbstractDataImporter:101 - Retrieving data for 2 users
2014-03-12 10:37:30 TRACE AbstractDataImporter:253 - Updating basic importer configuration for MOCK_IMPORTER
2014-03-12 10:37:30 TRACE AbstractDataImporter:269 - No specific importer configuration to udpate for MOCK_IMPORTER
2014-03-12 10:37:30 TRACE AbstractDataImporter:253 - Updating basic importer configuration for MOCK_IMPORTER
2014-03-12 10:37:30 TRACE AbstractDataImporter:269 - No specific importer configuration to udpate for MOCK_IMPORTER
2014-03-12 10:37:30 TRACE AbstractDataImporter:253 - Updating basic importer configuration for MOCK_IMPORTER
2014-03-12 10:37:30 TRACE AbstractDataImporter:269 - No specific importer configuration to udpate for MOCK_IMPORTER
2014-03-12 10:37:30 INFO  ImportRegistry:59 - Running scheduled data import for all users using 1 importer(s)
2014-03-12 10:37:30 DEBUG ImportRegistry:75 - Importing using single thread mode.
2014-03-12 10:37:30 INFO  ImportRegistry:59 - Running scheduled data import for all users using 1 importer(s)
2014-03-12 10:37:30 DEBUG ImportRegistry:75 - Importing using single thread mode.
2014-03-12 10:37:30 INFO  ImportRegistry:59 - Running scheduled data import for all users using 2 importer(s)
2014-03-12 10:37:30 DEBUG ImportRegistry:75 - Importing using single thread mode.
2014-03-12 10:37:41 TRACE AbstractDataImporter:281 - MOCK_IMPORTER is configured to retain old configuration.
2014-03-12 10:37:41 INFO  AbstractDataImporter:101 - Retrieving data for 2 users
2014-03-12 10:37:41 TRACE AbstractDataImporter:253 - Updating basic importer configuration for MOCK_IMPORTER
2014-03-12 10:37:41 TRACE AbstractDataImporter:269 - No specific importer configuration to udpate for MOCK_IMPORTER
2014-03-12 10:37:41 TRACE AbstractDataImporter:253 - Updating basic importer configuration for MOCK_IMPORTER
2014-03-12 10:37:41 TRACE AbstractDataImporter:269 - No specific importer configuration to udpate for MOCK_IMPORTER
2014-03-12 10:37:41 TRACE AbstractDataImporter:253 - Updating basic importer configuration for MOCK_IMPORTER
2014-03-12 10:37:41 TRACE AbstractDataImporter:269 - No specific importer configuration to udpate for MOCK_IMPORTER
2014-03-12 10:37:41 INFO  ImportRegistry:59 - Running scheduled data import for all users using 1 importer(s)
2014-03-12 10:37:41 DEBUG ImportRegistry:75 - Importing using single thread mode.
2014-03-12 10:37:41 INFO  ImportRegistry:59 - Running scheduled data import for all users using 1 importer(s)
2014-03-12 10:37:41 DEBUG ImportRegistry:75 - Importing using single thread mode.
2014-03-12 10:37:41 INFO  ImportRegistry:59 - Running scheduled data import for all users using 2 importer(s)
2014-03-12 10:37:41 DEBUG ImportRegistry:75 - Importing using single thread mode.
2014-03-12 10:38:15 TRACE AbstractDataImporter:281 - MOCK_IMPORTER is configured to retain old configuration.
2014-03-12 10:38:15 INFO  AbstractDataImporter:101 - Retrieving data for 2 users
2014-03-12 10:38:15 TRACE AbstractDataImporter:253 - Updating basic importer configuration for MOCK_IMPORTER
2014-03-12 10:38:15 TRACE AbstractDataImporter:269 - No specific importer configuration to udpate for MOCK_IMPORTER
2014-03-12 10:38:15 TRACE AbstractDataImporter:253 - Updating basic importer configuration for MOCK_IMPORTER
2014-03-12 10:38:15 TRACE AbstractDataImporter:269 - No specific importer configuration to udpate for MOCK_IMPORTER
2014-03-12 10:38:15 TRACE AbstractDataImporter:253 - Updating basic importer configuration for MOCK_IMPORTER
2014-03-12 10:38:15 TRACE AbstractDataImporter:269 - No specific importer configuration to udpate for MOCK_IMPORTER
2014-03-12 10:38:15 INFO  ImportRegistry:59 - Running scheduled data import for all users using 1 importer(s)
2014-03-12 10:38:15 DEBUG ImportRegistry:75 - Importing using single thread mode.
2014-03-12 10:38:15 INFO  ImportRegistry:59 - Running scheduled data import for all users using 1 importer(s)
2014-03-12 10:38:15 DEBUG ImportRegistry:75 - Importing using single thread mode.
2014-03-12 10:38:15 INFO  ImportRegistry:59 - Running scheduled data import for all users using 2 importer(s)
2014-03-12 10:38:15 DEBUG ImportRegistry:75 - Importing using single thread mode.
2014-03-12 10:46:16 TRACE AbstractDataImporter:281 - MOCK_IMPORTER is configured to retain old configuration.
2014-03-12 10:46:16 INFO  AbstractDataImporter:101 - Retrieving data for 2 users
2014-03-12 10:46:16 TRACE AbstractDataImporter:253 - Updating basic importer configuration for MOCK_IMPORTER
2014-03-12 10:46:16 TRACE AbstractDataImporter:269 - No specific importer configuration to udpate for MOCK_IMPORTER
2014-03-12 10:46:16 TRACE AbstractDataImporter:253 - Updating basic importer configuration for MOCK_IMPORTER
2014-03-12 10:46:16 TRACE AbstractDataImporter:269 - No specific importer configuration to udpate for MOCK_IMPORTER
2014-03-12 10:46:16 TRACE AbstractDataImporter:253 - Updating basic importer configuration for MOCK_IMPORTER
2014-03-12 10:46:16 TRACE AbstractDataImporter:269 - No specific importer configuration to udpate for MOCK_IMPORTER
2014-03-12 10:46:16 INFO  ImportRegistry:59 - Running scheduled data import for all users using 1 importer(s)
2014-03-12 10:46:16 DEBUG ImportRegistry:75 - Importing using single thread mode.
2014-03-12 10:46:16 INFO  ImportRegistry:59 - Running scheduled data import for all users using 1 importer(s)
2014-03-12 10:46:16 DEBUG ImportRegistry:75 - Importing using single thread mode.
2014-03-12 10:46:16 INFO  ImportRegistry:59 - Running scheduled data import for all users using 2 importer(s)
2014-03-12 10:46:16 DEBUG ImportRegistry:75 - Importing using single thread mode.
2014-03-12 10:47:08 TRACE AbstractDataImporter:281 - MOCK_IMPORTER is configured to retain old configuration.
2014-03-12 10:47:08 INFO  AbstractDataImporter:101 - Retrieving data for 2 users
2014-03-12 10:47:08 TRACE AbstractDataImporter:253 - Updating basic importer configuration for MOCK_IMPORTER
2014-03-12 10:47:08 TRACE AbstractDataImporter:269 - No specific importer configuration to udpate for MOCK_IMPORTER
2014-03-12 10:47:08 TRACE AbstractDataImporter:253 - Updating basic importer configuration for MOCK_IMPORTER
2014-03-12 10:47:08 TRACE AbstractDataImporter:269 - No specific importer configuration to udpate for MOCK_IMPORTER
2014-03-12 10:47:08 TRACE AbstractDataImporter:253 - Updating basic importer configuration for MOCK_IMPORTER
2014-03-12 10:47:08 TRACE AbstractDataImporter:269 - No specific importer configuration to udpate for MOCK_IMPORTER
2014-03-12 10:47:08 INFO  ImportRegistry:59 - Running scheduled data import for all users using 1 importer(s)
2014-03-12 10:47:08 DEBUG ImportRegistry:75 - Importing using single thread mode.
2014-03-12 10:47:08 INFO  ImportRegistry:59 - Running scheduled data import for all users using 1 importer(s)
2014-03-12 10:47:08 DEBUG ImportRegistry:75 - Importing using single thread mode.
2014-03-12 10:47:08 INFO  ImportRegistry:59 - Running scheduled data import for all users using 2 importer(s)
2014-03-12 10:47:08 DEBUG ImportRegistry:75 - Importing using single thread mode.
